1040198	msmarco_passage_04_111783635
1040198	msmarco_passage_06_391914297
1040198	msmarco_passage_18_855523917
1040198	msmarco_passage_18_855527748
1040198	msmarco_passage_19_489886196
1040198	msmarco_passage_21_72930767
1040198	msmarco_passage_21_72934589
1040198	msmarco_passage_26_441549061
1040198	msmarco_passage_62_514650149
1103547	msmarco_passage_00_28199412
1103547	msmarco_passage_04_375841723
1103547	msmarco_passage_05_167859301
1103547	msmarco_passage_06_555385198
1103547	msmarco_passage_06_555385672
1103547	msmarco_passage_06_555386008
1103547	msmarco_passage_06_555386390
1103547	msmarco_passage_06_555387220
1103547	msmarco_passage_06_555388004
1103547	msmarco_passage_06_555388426
1103547	msmarco_passage_08_340815217
1103547	msmarco_passage_08_340817007
1103547	msmarco_passage_08_678685760
1103547	msmarco_passage_08_678686094
1103547	msmarco_passage_08_678686494
1103547	msmarco_passage_11_365442840
1103547	msmarco_passage_12_613193941
1103547	msmarco_passage_12_613282973
1103547	msmarco_passage_13_394316501
1103547	msmarco_passage_13_394316695
1103547	msmarco_passage_13_394317110
1103547	msmarco_passage_13_394317520
1103547	msmarco_passage_13_394317855
1103547	msmarco_passage_13_394318336
1103547	msmarco_passage_13_394318855
1103547	msmarco_passage_13_394319348
1103547	msmarco_passage_14_325058992
1103547	msmarco_passage_14_325059420
1103547	msmarco_passage_14_767057971
1103547	msmarco_passage_14_767059154
1103547	msmarco_passage_15_692133334
1103547	msmarco_passage_17_784511388
1103547	msmarco_passage_17_784518572
1103547	msmarco_passage_18_547272788
1103547	msmarco_passage_18_547273384
1103547	msmarco_passage_18_547275492
1103547	msmarco_passage_18_547276374
1103547	msmarco_passage_18_547277168
1103547	msmarco_passage_18_547280137
1103547	msmarco_passage_19_425722890
1103547	msmarco_passage_19_425724452
1103547	msmarco_passage_19_685828664
1103547	msmarco_passage_20_644117370
1103547	msmarco_passage_20_644117853
1103547	msmarco_passage_20_689832291
1103547	msmarco_passage_20_689832754
1103547	msmarco_passage_20_689833314
1103547	msmarco_passage_20_689838791
1103547	msmarco_passage_20_689839276
1103547	msmarco_passage_20_717696279
1103547	msmarco_passage_21_103960025
1103547	msmarco_passage_21_103960546
1103547	msmarco_passage_21_103960965
1103547	msmarco_passage_21_103961357
1103547	msmarco_passage_21_134422265
1103547	msmarco_passage_21_134422728
1103547	msmarco_passage_21_564705956
1103547	msmarco_passage_21_564706405
1103547	msmarco_passage_21_827924617
1103547	msmarco_passage_22_135787824
1103547	msmarco_passage_24_359189946
1103547	msmarco_passage_26_218357422
1103547	msmarco_passage_27_673724150
1103547	msmarco_passage_27_673809037
1103547	msmarco_passage_29_238524922
1103547	msmarco_passage_30_571323592
1103547	msmarco_passage_30_571324042
1103547	msmarco_passage_34_659419830
1103547	msmarco_passage_36_754857697
1103547	msmarco_passage_38_523168349
1103547	msmarco_passage_38_637221220
1103547	msmarco_passage_39_781269442
1103547	msmarco_passage_40_427965403
1103547	msmarco_passage_40_427966285
1103547	msmarco_passage_41_66592137
1103547	msmarco_passage_43_127024674
1103547	msmarco_passage_45_577627652
1103547	msmarco_passage_45_752371095
1103547	msmarco_passage_49_562075473
1103547	msmarco_passage_49_562076766
1103547	msmarco_passage_50_318366271
1103547	msmarco_passage_50_318367605
1103547	msmarco_passage_51_290607422
1103547	msmarco_passage_53_647130608
1103547	msmarco_passage_55_32734480
1103547	msmarco_passage_55_403134846
1103547	msmarco_passage_55_403135252
1103547	msmarco_passage_55_829611464
1103547	msmarco_passage_57_663103283
1103547	msmarco_passage_66_495484719
1103547	msmarco_passage_68_95948603
1103547	msmarco_passage_68_95949031
1104300	msmarco_passage_00_692365008
1104300	msmarco_passage_04_229219126
1104300	msmarco_passage_04_42132715
1104300	msmarco_passage_05_317545390
1104300	msmarco_passage_05_669754570
1104300	msmarco_passage_08_774549263
1104300	msmarco_passage_09_610194178
1104300	msmarco_passage_09_610195333
1104300	msmarco_passage_09_610198300
1104300	msmarco_passage_09_610199455
1104300	msmarco_passage_09_610202422
1104300	msmarco_passage_09_610203577
1104300	msmarco_passage_09_610218932
1104300	msmarco_passage_09_610221866
1104300	msmarco_passage_12_540375302
1104300	msmarco_passage_13_403234311
1104300	msmarco_passage_13_412194312
1104300	msmarco_passage_29_589534850
1104300	msmarco_passage_29_593127088
1104300	msmarco_passage_29_605016800
1104300	msmarco_passage_29_606207143
1104300	msmarco_passage_35_731101458
1104300	msmarco_passage_35_731101872
1104300	msmarco_passage_37_792885833
1104300	msmarco_passage_38_289490307
1104300	msmarco_passage_39_832891254
1104300	msmarco_passage_40_115347772
1104300	msmarco_passage_40_129206162
1104300	msmarco_passage_40_142748462
1104300	msmarco_passage_41_625228576
1104300	msmarco_passage_43_506821154
1104300	msmarco_passage_61_239219324
1104300	msmarco_passage_61_239237400
1104300	msmarco_passage_65_725400684
1104447	msmarco_passage_00_171841690
1104447	msmarco_passage_00_672285818
1104447	msmarco_passage_00_787885743
1104447	msmarco_passage_01_398138178
1104447	msmarco_passage_01_399581151
1104447	msmarco_passage_01_401148681
1104447	msmarco_passage_01_402579215
1104447	msmarco_passage_02_460672600
1104447	msmarco_passage_02_460683192
1104447	msmarco_passage_02_822004432
1104447	msmarco_passage_03_437652637
1104447	msmarco_passage_04_198992956
1104447	msmarco_passage_04_198994522
1104447	msmarco_passage_04_198995534
1104447	msmarco_passage_04_198995962
1104447	msmarco_passage_04_199470139
1104447	msmarco_passage_04_209167611
1104447	msmarco_passage_04_209169682
1104447	msmarco_passage_04_34616188
1104447	msmarco_passage_05_355778210
1104447	msmarco_passage_05_742834535
1104447	msmarco_passage_05_867319797
1104447	msmarco_passage_06_545339433
1104447	msmarco_passage_07_504912452
1104447	msmarco_passage_07_505237363
1104447	msmarco_passage_09_43725648
1104447	msmarco_passage_10_561771439
1104447	msmarco_passage_11_714769719
1104447	msmarco_passage_12_233474783
1104447	msmarco_passage_12_534312965
1104447	msmarco_passage_15_297625999
1104447	msmarco_passage_15_590250517
1104447	msmarco_passage_17_510278683
1104447	msmarco_passage_17_96227809
1104447	msmarco_passage_22_465107528
1104447	msmarco_passage_22_470521343
1104447	msmarco_passage_22_471901875
1104447	msmarco_passage_22_471903366
1104447	msmarco_passage_23_288556993
1104447	msmarco_passage_23_290887728
1104447	msmarco_passage_23_292595528
1104447	msmarco_passage_23_602836538
1104447	msmarco_passage_23_802015408
1104447	msmarco_passage_26_114497080
1104447	msmarco_passage_28_195340532
1104447	msmarco_passage_28_195364349
1104447	msmarco_passage_28_864511678
1104447	msmarco_passage_29_192188512
1104447	msmarco_passage_29_653710296
1104447	msmarco_passage_30_26840645
1104447	msmarco_passage_30_580579463
1104447	msmarco_passage_30_631942524
1104447	msmarco_passage_30_651422467
1104447	msmarco_passage_30_714431951
1104447	msmarco_passage_30_717686399
1104447	msmarco_passage_30_720287144
1104447	msmarco_passage_30_753936490
1104447	msmarco_passage_30_780045514
1104447	msmarco_passage_30_791791284
1104447	msmarco_passage_31_577003900
1104447	msmarco_passage_31_589548261
1104447	msmarco_passage_31_589606197
1104447	msmarco_passage_31_608727495
1104447	msmarco_passage_31_613289509
1104447	msmarco_passage_35_174658196
1104447	msmarco_passage_37_769879200
1104447	msmarco_passage_37_769927418
1104447	msmarco_passage_39_313187575
1104447	msmarco_passage_43_811249675
1104447	msmarco_passage_44_586545035
1104447	msmarco_passage_45_349456027
1104447	msmarco_passage_47_463747303
1104447	msmarco_passage_55_657553371
1104447	msmarco_passage_57_632232213
1104447	msmarco_passage_62_569094999
1104447	msmarco_passage_64_118540069
1104447	msmarco_passage_64_204172919
1104447	msmarco_passage_64_227336706
1104447	msmarco_passage_66_233593770
1107704	msmarco_passage_00_725525738
1107704	msmarco_passage_01_842747026
1107704	msmarco_passage_01_842750925
1107704	msmarco_passage_06_221671486
1107704	msmarco_passage_06_221679898
1107704	msmarco_passage_06_221681386
1107704	msmarco_passage_06_262765092
1107704	msmarco_passage_07_350033830
1107704	msmarco_passage_07_350295776
1107704	msmarco_passage_07_360671690
1107704	msmarco_passage_07_362111370
1107704	msmarco_passage_17_138681392
1107704	msmarco_passage_17_138684433
1107704	msmarco_passage_18_766353021
1107704	msmarco_passage_18_766422716
1107704	msmarco_passage_18_766588368
1107704	msmarco_passage_43_536027169
1107704	msmarco_passage_45_805410746
1107704	msmarco_passage_51_46542865
1107704	msmarco_passage_51_47302845
1107704	msmarco_passage_51_82702947
1107704	msmarco_passage_51_82716347
1107704	msmarco_passage_54_640975953
1107704	msmarco_passage_68_155495476
1107821	msmarco_passage_02_273729003
1107821	msmarco_passage_13_612055334
1107821	msmarco_passage_20_544493761
1107821	msmarco_passage_20_544494898
1107821	msmarco_passage_20_544495826
1107821	msmarco_passage_20_544498564
1107821	msmarco_passage_26_865036706
1107821	msmarco_passage_27_756795461
1107821	msmarco_passage_31_859330905
1107821	msmarco_passage_39_21614560
1107821	msmarco_passage_40_167979346
1107821	msmarco_passage_40_167979702
1107821	msmarco_passage_49_202431613
1109840	msmarco_passage_02_35694907
1109840	msmarco_passage_03_52264963
1109840	msmarco_passage_03_559095222
1109840	msmarco_passage_04_212220274
1109840	msmarco_passage_06_56135263
1109840	msmarco_passage_08_493147318
1109840	msmarco_passage_10_417811355
1109840	msmarco_passage_17_402056092
1109840	msmarco_passage_20_263290543
1109840	msmarco_passage_20_263302454
1109840	msmarco_passage_26_589710183
1109840	msmarco_passage_26_590749273
1109840	msmarco_passage_26_615703467
1109840	msmarco_passage_29_843130446
1109840	msmarco_passage_36_667854016
1109840	msmarco_passage_36_85509552
1109840	msmarco_passage_39_311051279
1109840	msmarco_passage_39_553593481
1109840	msmarco_passage_39_614122702
1109840	msmarco_passage_39_614141033
1109840	msmarco_passage_42_614604480
1109840	msmarco_passage_44_115337209
1109840	msmarco_passage_44_115537575
1109840	msmarco_passage_45_205966664
1109840	msmarco_passage_45_59669851
1109840	msmarco_passage_48_489105177
1109840	msmarco_passage_50_828441468
1109840	msmarco_passage_56_334210074
1109840	msmarco_passage_65_153889578
1109840	msmarco_passage_66_809521662
1109840	msmarco_passage_66_822809839
1110996	msmarco_passage_00_560156240
1110996	msmarco_passage_01_139310248
1110996	msmarco_passage_12_198818769
1110996	msmarco_passage_12_198820225
1110996	msmarco_passage_17_457218609
1110996	msmarco_passage_18_453486195
1110996	msmarco_passage_18_804877541
1110996	msmarco_passage_20_799181195
1110996	msmarco_passage_20_799203367
1110996	msmarco_passage_21_352547692
1110996	msmarco_passage_21_352551182
1110996	msmarco_passage_21_352552500
1110996	msmarco_passage_21_352558160
1110996	msmarco_passage_21_493976756
1110996	msmarco_passage_21_493985998
1110996	msmarco_passage_21_93069090
1110996	msmarco_passage_21_93078965
1110996	msmarco_passage_21_97541060
1110996	msmarco_passage_46_425523451
1110996	msmarco_passage_59_57183424
1110996	msmarco_passage_59_57184626
1111577	msmarco_passage_01_692920285
1111577	msmarco_passage_01_692922353
1111577	msmarco_passage_01_692922832
1111577	msmarco_passage_05_563789830
1111577	msmarco_passage_25_376870905
1111577	msmarco_passage_25_376872968
1111577	msmarco_passage_30_131174111
1111577	msmarco_passage_30_131200137
1111577	msmarco_passage_30_131204210
1111577	msmarco_passage_45_771413389
1113361	msmarco_passage_01_791701828
1113361	msmarco_passage_02_24687249
1113361	msmarco_passage_02_24688154
1113361	msmarco_passage_10_696317784
1113361	msmarco_passage_14_109599007
1113361	msmarco_passage_14_109600230
1113361	msmarco_passage_15_407171828
1113361	msmarco_passage_16_95653147
1113361	msmarco_passage_20_487340352
1113361	msmarco_passage_20_487342363
1113361	msmarco_passage_20_487348874
1113361	msmarco_passage_26_565472697
1113361	msmarco_passage_26_565474089
1113361	msmarco_passage_26_565835758
1113361	msmarco_passage_26_565836663
1113361	msmarco_passage_26_616291499
1113361	msmarco_passage_28_207312971
1113361	msmarco_passage_28_207314361
1113361	msmarco_passage_30_679851780
1113361	msmarco_passage_30_685767821
1113361	msmarco_passage_31_544615024
1113361	msmarco_passage_33_122464696
1113361	msmarco_passage_33_122466742
1113361	msmarco_passage_33_122468689
1113361	msmarco_passage_41_660382296
1113361	msmarco_passage_52_103224724
1113361	msmarco_passage_52_103225762
1113361	msmarco_passage_52_91347567
1113361	msmarco_passage_61_672284759
1113361	msmarco_passage_64_194925638
1113361	msmarco_passage_64_194926716
1113361	msmarco_passage_64_212079834
1117243	msmarco_passage_00_13749545
1117243	msmarco_passage_01_310491316
1117243	msmarco_passage_01_310496622
1117243	msmarco_passage_01_310497040
1117243	msmarco_passage_01_310497584
1117243	msmarco_passage_01_310498124
1117243	msmarco_passage_06_785875335
1117243	msmarco_passage_07_667817211
1117243	msmarco_passage_07_667818548
1117243	msmarco_passage_07_712107780
1117243	msmarco_passage_08_318481098
1117243	msmarco_passage_08_325722130
1117243	msmarco_passage_09_157899682
1117243	msmarco_passage_10_330843972
1117243	msmarco_passage_10_330845810
1117243	msmarco_passage_10_330846678
1117243	msmarco_passage_10_632357984
1117243	msmarco_passage_10_632359467
1117243	msmarco_passage_10_632360979
1117243	msmarco_passage_10_632816881
1117243	msmarco_passage_10_821022604
1117243	msmarco_passage_10_821028146
1117243	msmarco_passage_10_821028589
1117243	msmarco_passage_10_821867114
1117243	msmarco_passage_10_821870767
1117243	msmarco_passage_10_840308666
1117243	msmarco_passage_10_840311053
1117243	msmarco_passage_10_881791901
1117243	msmarco_passage_10_882657515
1117243	msmarco_passage_13_79861544
1117243	msmarco_passage_13_8341266
1117243	msmarco_passage_13_8342907
1117243	msmarco_passage_13_8344014
1117243	msmarco_passage_13_8345348
1117243	msmarco_passage_17_227180556
1117243	msmarco_passage_17_227183943
1117243	msmarco_passage_17_227185278
1117243	msmarco_passage_22_635780858
1117243	msmarco_passage_22_635781276
1117243	msmarco_passage_22_635781820
1117243	msmarco_passage_22_653308040
1117243	msmarco_passage_23_342468829
1117243	msmarco_passage_23_342470210
1117243	msmarco_passage_23_342471084
1117243	msmarco_passage_23_342471840
1117243	msmarco_passage_23_342497994
1117243	msmarco_passage_23_342503187
1117243	msmarco_passage_23_342529819
1117243	msmarco_passage_23_342535412
1117243	msmarco_passage_23_342669409
1117243	msmarco_passage_23_342694642
1117243	msmarco_passage_23_342797576
1117243	msmarco_passage_23_342799373
1117243	msmarco_passage_23_342849392
1117243	msmarco_passage_23_342915070
1117243	msmarco_passage_23_451239044
1117243	msmarco_passage_24_111808392
1117243	msmarco_passage_24_128369226
1117243	msmarco_passage_28_407172669
1117243	msmarco_passage_28_472543822
1117243	msmarco_passage_32_523684556
1117243	msmarco_passage_33_176439880
1117243	msmarco_passage_33_48211830
1117243	msmarco_passage_34_264548710
1117243	msmarco_passage_35_140470797
1117243	msmarco_passage_35_141391298
1117243	msmarco_passage_35_141392194
1117243	msmarco_passage_35_141392634
1117243	msmarco_passage_35_141393967
1117243	msmarco_passage_35_141394444
1117243	msmarco_passage_36_414359973
1117243	msmarco_passage_36_661568514
1117243	msmarco_passage_36_661573305
1117243	msmarco_passage_37_509408647
1117243	msmarco_passage_37_640107795
1117243	msmarco_passage_38_623618119
1117243	msmarco_passage_39_175447999
1117243	msmarco_passage_40_473641307
1117243	msmarco_passage_42_793589702
1117243	msmarco_passage_43_278175899
1117243	msmarco_passage_45_321570650
1117243	msmarco_passage_45_826811208
1117243	msmarco_passage_45_826819142
1117243	msmarco_passage_47_707006902
1117243	msmarco_passage_48_672760762
1117243	msmarco_passage_48_672762490
1117243	msmarco_passage_48_672762926
1117243	msmarco_passage_48_813553196
1117243	msmarco_passage_49_37081822
1117243	msmarco_passage_52_200833219
1117243	msmarco_passage_53_403792845
1117243	msmarco_passage_53_403795779
1117243	msmarco_passage_53_491904517
1117243	msmarco_passage_53_491906246
1117243	msmarco_passage_54_779420757
1117243	msmarco_passage_54_779838309
1117243	msmarco_passage_55_277805733
1117243	msmarco_passage_55_277806215
1117243	msmarco_passage_55_277808786
1117243	msmarco_passage_55_289922933
1117243	msmarco_passage_55_290716322
1117243	msmarco_passage_55_290716804
1117243	msmarco_passage_55_290719375
1117243	msmarco_passage_58_805469003
1117243	msmarco_passage_60_492278073
1117243	msmarco_passage_60_495995424
1117243	msmarco_passage_61_704525975
1117243	msmarco_passage_61_704527328
1117243	msmarco_passage_61_704528652
1117243	msmarco_passage_64_429094055
1117243	msmarco_passage_64_429095897
1117243	msmarco_passage_64_429096767
1117243	msmarco_passage_64_429097628
1117243	msmarco_passage_64_429101519
1117243	msmarco_passage_64_429103361
1117243	msmarco_passage_64_429104231
1117243	msmarco_passage_64_429105092
1117243	msmarco_passage_67_383702833
1117243	msmarco_passage_67_415838733
1117243	msmarco_passage_67_415843864
1117243	msmarco_passage_67_415844307
1117243	msmarco_passage_67_418224912
1117243	msmarco_passage_67_431184335
1117243	msmarco_passage_67_670537535
1117243	msmarco_passage_67_670537980
1117243	msmarco_passage_67_788091872
1117298	msmarco_passage_00_683691432
1117298	msmarco_passage_01_816115950
1117298	msmarco_passage_01_816116330
1117298	msmarco_passage_03_695443840
1117298	msmarco_passage_04_588066080
1117298	msmarco_passage_07_664549468
1117298	msmarco_passage_07_666579853
1117298	msmarco_passage_07_762167814
1117298	msmarco_passage_08_656619227
1117298	msmarco_passage_08_657401975
1117298	msmarco_passage_08_712512047
1117298	msmarco_passage_10_672082460
1117298	msmarco_passage_10_672327095
1117298	msmarco_passage_13_188743709
1117298	msmarco_passage_15_677969468
1117298	msmarco_passage_15_677972225
1117298	msmarco_passage_15_677972693
1117298	msmarco_passage_15_678189053
1117298	msmarco_passage_15_678191831
1117298	msmarco_passage_15_678192299
1117298	msmarco_passage_17_22521277
1117298	msmarco_passage_22_302747268
1117298	msmarco_passage_22_302747724
1117298	msmarco_passage_24_310820854
1117298	msmarco_passage_29_221017239
1117298	msmarco_passage_29_465241552
1117298	msmarco_passage_36_631332554
1117298	msmarco_passage_37_18003607
1117298	msmarco_passage_42_63601795
1117298	msmarco_passage_42_63602235
1117298	msmarco_passage_42_63603501
1117298	msmarco_passage_42_63605097
1117298	msmarco_passage_42_68062684
1117298	msmarco_passage_42_68065986
1117298	msmarco_passage_43_251769217
1117298	msmarco_passage_43_258574320
1117298	msmarco_passage_43_259446109
1117298	msmarco_passage_43_259618891
1117298	msmarco_passage_45_192240190
1117298	msmarco_passage_45_192241508
1117298	msmarco_passage_45_194583671
1117298	msmarco_passage_45_194587113
1117298	msmarco_passage_45_194587607
1117298	msmarco_passage_45_194588531
1117298	msmarco_passage_48_690584027
1117298	msmarco_passage_48_690584373
1117298	msmarco_passage_48_690584813
1117298	msmarco_passage_48_690585258
1117298	msmarco_passage_48_690585729
1117298	msmarco_passage_48_690586209
1117298	msmarco_passage_48_690586703
1117298	msmarco_passage_48_690588798
1117298	msmarco_passage_48_856015709
1117298	msmarco_passage_48_856017265
1117298	msmarco_passage_48_856021560
1117298	msmarco_passage_48_856022859
1117298	msmarco_passage_48_856023681
1117298	msmarco_passage_52_521139591
1117298	msmarco_passage_56_275436683
1117298	msmarco_passage_56_497554797
1117298	msmarco_passage_58_827492519
1117298	msmarco_passage_59_564829213
1117298	msmarco_passage_60_486889390
1117298	msmarco_passage_60_686353202
1117298	msmarco_passage_63_578401086
1117298	msmarco_passage_64_420254510
1117298	msmarco_passage_64_516503645
1117298	msmarco_passage_64_658643660
1117298	msmarco_passage_64_84957132
1117298	msmarco_passage_65_27624858
1117298	msmarco_passage_65_27625705
1117298	msmarco_passage_65_27626184
1117298	msmarco_passage_66_706853462
1117298	msmarco_passage_66_707550798
1118716	msmarco_passage_07_847844617
1118716	msmarco_passage_11_166107736
1118716	msmarco_passage_13_70612666
1118716	msmarco_passage_13_70613277
1118716	msmarco_passage_18_687474867
1118716	msmarco_passage_19_863303212
1118716	msmarco_passage_19_863328959
1118716	msmarco_passage_19_863331710
1118716	msmarco_passage_19_863348856
1118716	msmarco_passage_25_730725803
1118716	msmarco_passage_32_459876976
1118716	msmarco_passage_53_217835321
1118716	msmarco_passage_58_285516305
1118716	msmarco_passage_60_709560524
1118716	msmarco_passage_68_626173617
1121909	msmarco_passage_01_808247906
1121909	msmarco_passage_02_729697756
1121909	msmarco_passage_02_729699920
1121909	msmarco_passage_03_267751674
1121909	msmarco_passage_11_44497847
1121909	msmarco_passage_14_215691535
1121909	msmarco_passage_20_265204279
1121909	msmarco_passage_21_570995647
1121909	msmarco_passage_40_59700559
1121909	msmarco_passage_53_829222290
1121909	msmarco_passage_53_847881865
1121909	msmarco_passage_58_612161994
1121909	msmarco_passage_68_306305974
112700	msmarco_passage_00_777864919
112700	msmarco_passage_00_777872823
112700	msmarco_passage_01_33071255
112700	msmarco_passage_01_33073020
112700	msmarco_passage_01_33079142
112700	msmarco_passage_01_33089431
112700	msmarco_passage_01_412090358
112700	msmarco_passage_02_165688744
112700	msmarco_passage_02_165689936
112700	msmarco_passage_02_165690788
112700	msmarco_passage_02_165691232
112700	msmarco_passage_02_165692537
112700	msmarco_passage_02_165695864
112700	msmarco_passage_02_165697140
112700	msmarco_passage_02_165697584
112700	msmarco_passage_02_220704238
112700	msmarco_passage_06_130990520
112700	msmarco_passage_06_130997345
112700	msmarco_passage_06_131004170
112700	msmarco_passage_06_242494666
112700	msmarco_passage_07_292095541
112700	msmarco_passage_07_292097844
112700	msmarco_passage_08_152211525
112700	msmarco_passage_09_386813526
112700	msmarco_passage_10_53981075
112700	msmarco_passage_17_330928122
112700	msmarco_passage_17_330938459
112700	msmarco_passage_17_378937360
112700	msmarco_passage_17_378943762
112700	msmarco_passage_18_252667270
112700	msmarco_passage_18_252670451
112700	msmarco_passage_18_252670810
112700	msmarco_passage_18_757019055
112700	msmarco_passage_18_757021196
112700	msmarco_passage_21_647203985
112700	msmarco_passage_21_647207166
112700	msmarco_passage_21_647207525
112700	msmarco_passage_24_199511587
112700	msmarco_passage_24_200606439
112700	msmarco_passage_24_200608232
112700	msmarco_passage_25_325374796
112700	msmarco_passage_27_453463807
112700	msmarco_passage_27_453467134
112700	msmarco_passage_27_453468410
112700	msmarco_passage_27_453468854
112700	msmarco_passage_27_615721054
112700	msmarco_passage_27_631089875
112700	msmarco_passage_28_560798078
112700	msmarco_passage_28_560799651
112700	msmarco_passage_30_498050717
112700	msmarco_passage_30_794527402
112700	msmarco_passage_33_211410392
112700	msmarco_passage_33_528426776
112700	msmarco_passage_33_528428380
112700	msmarco_passage_36_753181870
112700	msmarco_passage_36_792525846
112700	msmarco_passage_45_189564900
112700	msmarco_passage_45_191385723
112700	msmarco_passage_45_191387204
112700	msmarco_passage_45_191390871
112700	msmarco_passage_45_595160987
112700	msmarco_passage_49_484258022
112700	msmarco_passage_49_484259426
112700	msmarco_passage_50_69300717
112700	msmarco_passage_50_69302138
112700	msmarco_passage_51_861573006
112700	msmarco_passage_53_362932045
112700	msmarco_passage_53_364337831
112700	msmarco_passage_56_558076576
112700	msmarco_passage_60_224286794
112700	msmarco_passage_65_452896378
112700	msmarco_passage_65_797310651
112700	msmarco_passage_66_71253864
1128632	msmarco_passage_01_529027183
1128632	msmarco_passage_01_529031147
1128632	msmarco_passage_01_533323146
1128632	msmarco_passage_02_254391285
1128632	msmarco_passage_06_757077641
1128632	msmarco_passage_07_706013172
1128632	msmarco_passage_07_706013536
1128632	msmarco_passage_08_21243877
1128632	msmarco_passage_08_39570730
1128632	msmarco_passage_08_57868752
1128632	msmarco_passage_09_66497704
1128632	msmarco_passage_12_535406368
1128632	msmarco_passage_13_209411005
1128632	msmarco_passage_16_860101278
1128632	msmarco_passage_17_23320452
1128632	msmarco_passage_19_614754130
1128632	msmarco_passage_24_156250855
1128632	msmarco_passage_24_233957251
1128632	msmarco_passage_27_671716740
1128632	msmarco_passage_27_671732454
1128632	msmarco_passage_27_671736649
1128632	msmarco_passage_27_671739182
1128632	msmarco_passage_34_631712356
1128632	msmarco_passage_35_82242479
1128632	msmarco_passage_35_82242859
1128632	msmarco_passage_35_82244142
1128632	msmarco_passage_35_82244613
1128632	msmarco_passage_42_837102773
1128632	msmarco_passage_44_267754348
1128632	msmarco_passage_44_267760922
1128632	msmarco_passage_44_269831529
1128632	msmarco_passage_44_272795129
1128632	msmarco_passage_44_272802500
1128632	msmarco_passage_45_606304622
1128632	msmarco_passage_48_63853264
1128632	msmarco_passage_48_65387745
1128632	msmarco_passage_48_65404793
1128632	msmarco_passage_48_65415033
1128632	msmarco_passage_48_69765488
1128632	msmarco_passage_50_575321905
1128632	msmarco_passage_50_575322419
1128632	msmarco_passage_50_575325127
1128632	msmarco_passage_51_133660371
1128632	msmarco_passage_51_133669391
1128632	msmarco_passage_52_643061576
1128632	msmarco_passage_53_443230076
1128632	msmarco_passage_55_491937608
1128632	msmarco_passage_57_595374192
1128632	msmarco_passage_59_208055204
1128632	msmarco_passage_59_208869439
1128632	msmarco_passage_59_208874081
1128632	msmarco_passage_59_208874864
1128632	msmarco_passage_59_208894197
1128632	msmarco_passage_59_208894633
1128632	msmarco_passage_59_208895930
1128632	msmarco_passage_59_208902691
1128632	msmarco_passage_59_209814690
1128632	msmarco_passage_59_209817211
1128632	msmarco_passage_59_541272563
1128632	msmarco_passage_59_561142678
1128632	msmarco_passage_60_500985374
1128632	msmarco_passage_60_500985753
1128632	msmarco_passage_64_275092533
1129560	msmarco_passage_03_36759505
1129560	msmarco_passage_08_272879824
1129560	msmarco_passage_10_493882798
1129560	msmarco_passage_10_493909355
1129560	msmarco_passage_10_493910400
1129560	msmarco_passage_22_621770950
168329	msmarco_passage_01_685626555
168329	msmarco_passage_01_685634520
168329	msmarco_passage_02_808357053
168329	msmarco_passage_02_818305809
168329	msmarco_passage_02_861308895
168329	msmarco_passage_03_152780110
168329	msmarco_passage_03_692818098
168329	msmarco_passage_04_441293182
168329	msmarco_passage_04_441327789
168329	msmarco_passage_04_441328795
168329	msmarco_passage_04_441331315
168329	msmarco_passage_04_441332185
168329	msmarco_passage_04_441727657
168329	msmarco_passage_04_441732053
168329	msmarco_passage_04_568517392
168329	msmarco_passage_04_93659698
168329	msmarco_passage_08_722008845
168329	msmarco_passage_12_172245963
168329	msmarco_passage_13_402054707
168329	msmarco_passage_13_402055681
168329	msmarco_passage_14_134660114
168329	msmarco_passage_16_244559079
168329	msmarco_passage_16_246816188
168329	msmarco_passage_16_247863199
168329	msmarco_passage_16_248523461
168329	msmarco_passage_16_248568166
168329	msmarco_passage_16_249176194
168329	msmarco_passage_16_254397947
168329	msmarco_passage_17_253755796
168329	msmarco_passage_17_253763206
168329	msmarco_passage_17_617881174
168329	msmarco_passage_17_619879125
168329	msmarco_passage_25_259222145
168329	msmarco_passage_28_663290517
168329	msmarco_passage_30_774311715
168329	msmarco_passage_30_795590421
168329	msmarco_passage_31_866472527
168329	msmarco_passage_31_866473184
168329	msmarco_passage_32_476056771
168329	msmarco_passage_33_144893267
168329	msmarco_passage_35_333285542
168329	msmarco_passage_38_55099740
168329	msmarco_passage_38_866203380
168329	msmarco_passage_38_866328621
168329	msmarco_passage_38_866851484
168329	msmarco_passage_38_867365033
168329	msmarco_passage_38_867365571
168329	msmarco_passage_38_867366499
168329	msmarco_passage_38_867806832
168329	msmarco_passage_39_1330913
168329	msmarco_passage_39_1331917
168329	msmarco_passage_39_1334431
168329	msmarco_passage_39_1335299
168329	msmarco_passage_39_1335757
168329	msmarco_passage_39_513965739
168329	msmarco_passage_39_513970391
168329	msmarco_passage_39_513984565
168329	msmarco_passage_44_581740341
168329	msmarco_passage_44_772637460
168329	msmarco_passage_49_384487458
168329	msmarco_passage_54_756552012
168329	msmarco_passage_57_736644997
168329	msmarco_passage_60_226415364
168329	msmarco_passage_65_225429100
168329	msmarco_passage_65_226105903
226975	msmarco_passage_00_519958397
226975	msmarco_passage_00_519958843
226975	msmarco_passage_00_519959336
226975	msmarco_passage_00_519959798
226975	msmarco_passage_00_519960195
226975	msmarco_passage_06_134542315
226975	msmarco_passage_10_719899498
226975	msmarco_passage_12_257261585
226975	msmarco_passage_17_302520998
226975	msmarco_passage_17_302530152
226975	msmarco_passage_24_212251364
226975	msmarco_passage_24_558733512
226975	msmarco_passage_24_558757883
226975	msmarco_passage_24_559073437
226975	msmarco_passage_25_442532762
226975	msmarco_passage_48_567683653
226975	msmarco_passage_48_567684107
226975	msmarco_passage_48_567685848
226975	msmarco_passage_48_567688091
226975	msmarco_passage_48_567688492
226975	msmarco_passage_55_789164596
226975	msmarco_passage_57_187390900
226975	msmarco_passage_59_779343147
226975	msmarco_passage_65_219573228
23287	msmarco_passage_02_500355930
23287	msmarco_passage_02_500357167
23287	msmarco_passage_02_720119353
23287	msmarco_passage_03_865272429
23287	msmarco_passage_03_865273798
23287	msmarco_passage_03_865281718
23287	msmarco_passage_03_865282196
23287	msmarco_passage_03_866751723
23287	msmarco_passage_03_866753092
23287	msmarco_passage_03_866761012
23287	msmarco_passage_03_866764466
23287	msmarco_passage_03_866765835
23287	msmarco_passage_03_866773755
23287	msmarco_passage_03_866774233
23287	msmarco_passage_24_751830883
23287	msmarco_passage_26_588239530
23287	msmarco_passage_37_406975398
23287	msmarco_passage_37_406976764
23287	msmarco_passage_37_406984666
23287	msmarco_passage_52_117282982
23287	msmarco_passage_52_117286264
23287	msmarco_passage_52_19587834
23287	msmarco_passage_52_296788730
23287	msmarco_passage_61_567605094
23287	msmarco_passage_65_35603332
23287	msmarco_passage_67_908198700
253263	msmarco_passage_02_511537499
253263	msmarco_passage_28_817004525
253263	msmarco_passage_39_711855226
253263	msmarco_passage_39_711863628
253263	msmarco_passage_66_279963003
300986	msmarco_passage_05_339916787
300986	msmarco_passage_26_350243559
300986	msmarco_passage_28_817645953
300986	msmarco_passage_52_724524912
300986	msmarco_passage_55_742344082
337656	msmarco_passage_01_27018824
337656	msmarco_passage_10_733659281
337656	msmarco_passage_63_403377222
337656	msmarco_passage_64_35123135
337656	msmarco_passage_64_35124040
364210	msmarco_passage_01_686741346
364210	msmarco_passage_03_349953368
364210	msmarco_passage_09_484426189
364210	msmarco_passage_09_484426619
364210	msmarco_passage_09_484429649
364210	msmarco_passage_10_483660290
364210	msmarco_passage_10_483660718
364210	msmarco_passage_11_3168078
364210	msmarco_passage_11_3168914
364210	msmarco_passage_11_3169732
364210	msmarco_passage_11_3170177
364210	msmarco_passage_11_3170636
364210	msmarco_passage_11_3173646
364210	msmarco_passage_11_678673849
364210	msmarco_passage_11_678674735
364210	msmarco_passage_11_678675186
364210	msmarco_passage_11_678680186
364210	msmarco_passage_11_678681153
364210	msmarco_passage_11_678682039
364210	msmarco_passage_11_678682490
364210	msmarco_passage_11_678687490
364210	msmarco_passage_11_73528860
364210	msmarco_passage_11_73529276
364210	msmarco_passage_11_73530495
364210	msmarco_passage_11_73531462
364210	msmarco_passage_11_73532357
364210	msmarco_passage_11_73532770
364210	msmarco_passage_11_73533192
364210	msmarco_passage_11_73534030
364210	msmarco_passage_11_73534622
364210	msmarco_passage_25_265137572
364210	msmarco_passage_25_596444118
364210	msmarco_passage_25_596444800
364210	msmarco_passage_25_596445147
364210	msmarco_passage_43_286764417
364210	msmarco_passage_45_179111481
364210	msmarco_passage_48_835464001
364210	msmarco_passage_48_835464418
364210	msmarco_passage_48_835465658
364210	msmarco_passage_53_13524903
364210	msmarco_passage_53_13525832
364210	msmarco_passage_53_13526309
364210	msmarco_passage_53_13526730
364210	msmarco_passage_53_13527632
364210	msmarco_passage_53_13528139
364210	msmarco_passage_53_13530065
364210	msmarco_passage_53_500356532
364210	msmarco_passage_53_500356963
364210	msmarco_passage_53_500363155
364210	msmarco_passage_55_154918587
364210	msmarco_passage_55_154942432
364210	msmarco_passage_55_272622963
364210	msmarco_passage_55_272628196
364210	msmarco_passage_55_284588164
364210	msmarco_passage_55_284590645
364210	msmarco_passage_55_284593397
364210	msmarco_passage_61_344485493
364210	msmarco_passage_61_706777773
364210	msmarco_passage_61_706778128
364210	msmarco_passage_61_706778420
364210	msmarco_passage_61_706779558
364210	msmarco_passage_63_13231404
364210	msmarco_passage_64_431438402
364210	msmarco_passage_64_431439673
364210	msmarco_passage_64_431440927
364210	msmarco_passage_64_431444427
364210	msmarco_passage_65_825758557
364210	msmarco_passage_65_825759462
364210	msmarco_passage_65_825760429
364210	msmarco_passage_66_82249540
364210	msmarco_passage_66_82250443
364210	msmarco_passage_66_82251408
364210	msmarco_passage_67_718568043
364210	msmarco_passage_67_718568881
364210	msmarco_passage_67_718569701
364210	msmarco_passage_67_718570607
364210	msmarco_passage_67_718573624
395948	msmarco_passage_30_251600873
395948	msmarco_passage_52_407362472
395948	msmarco_passage_52_407365543
395948	msmarco_passage_57_401059390
395948	msmarco_passage_62_810081727
395948	msmarco_passage_65_399828602
421946	msmarco_passage_29_4303719
421946	msmarco_passage_41_297161657
421946	msmarco_passage_41_297167079
421946	msmarco_passage_41_297168722
421946	msmarco_passage_41_297169600
421946	msmarco_passage_43_349492964
421946	msmarco_passage_48_124892275
421946	msmarco_passage_48_124893100
421946	msmarco_passage_48_289430892
493490	msmarco_passage_02_234803598
493490	msmarco_passage_02_234806585
493490	msmarco_passage_02_234810591
493490	msmarco_passage_02_234811029
493490	msmarco_passage_03_476167234
493490	msmarco_passage_06_803465854
493490	msmarco_passage_06_803466276
493490	msmarco_passage_06_803493824
493490	msmarco_passage_08_83097311
493490	msmarco_passage_09_336664697
493490	msmarco_passage_09_749448440
493490	msmarco_passage_09_749450146
493490	msmarco_passage_09_749451336
493490	msmarco_passage_09_749452951
493490	msmarco_passage_09_749457177
493490	msmarco_passage_09_749667729
493490	msmarco_passage_09_749668495
493490	msmarco_passage_09_749668958
493490	msmarco_passage_09_749669438
493490	msmarco_passage_13_626480868
493490	msmarco_passage_17_21750975
493490	msmarco_passage_17_21751473
493490	msmarco_passage_17_21752023
493490	msmarco_passage_17_21754711
493490	msmarco_passage_22_86586733
493490	msmarco_passage_24_283301128
493490	msmarco_passage_27_65378452
493490	msmarco_passage_27_65379476
493490	msmarco_passage_27_65381657
493490	msmarco_passage_27_65382547
493490	msmarco_passage_31_855622593
493490	msmarco_passage_31_855623055
493490	msmarco_passage_31_855626463
493490	msmarco_passage_31_855626870
493490	msmarco_passage_31_855628447
493490	msmarco_passage_31_855630089
493490	msmarco_passage_35_440338769
493490	msmarco_passage_39_306371555
493490	msmarco_passage_39_306372001
493490	msmarco_passage_39_306372437
493490	msmarco_passage_39_306372881
493490	msmarco_passage_39_306373286
493490	msmarco_passage_39_306373753
493490	msmarco_passage_39_836127589
493490	msmarco_passage_55_560679793
493490	msmarco_passage_55_560681133
493490	msmarco_passage_55_560686346
493490	msmarco_passage_56_327819849
493490	msmarco_passage_61_776625227
493490	msmarco_passage_61_777206892
493490	msmarco_passage_61_777208594
493490	msmarco_passage_61_777209781
493490	msmarco_passage_61_777211392
493490	msmarco_passage_61_777215608
493490	msmarco_passage_65_850761818
493490	msmarco_passage_66_725068536
505390	msmarco_passage_06_247749678
505390	msmarco_passage_08_670355264
505390	msmarco_passage_08_670357590
505390	msmarco_passage_35_819326444
505390	msmarco_passage_38_122730601
505390	msmarco_passage_49_467140767
505390	msmarco_passage_49_467166812
505390	msmarco_passage_66_121762859
505390	msmarco_passage_66_591286
508292	msmarco_passage_03_350943964
508292	msmarco_passage_03_350951886
508292	msmarco_passage_03_722300453
508292	msmarco_passage_04_27012834
508292	msmarco_passage_05_15279507
508292	msmarco_passage_06_427665523
508292	msmarco_passage_06_725146066
508292	msmarco_passage_07_847051687
508292	msmarco_passage_07_847052980
508292	msmarco_passage_08_11833003
508292	msmarco_passage_08_11833860
508292	msmarco_passage_08_160638773
508292	msmarco_passage_08_460739777
508292	msmarco_passage_09_654435656
508292	msmarco_passage_10_625554122
508292	msmarco_passage_11_844805964
508292	msmarco_passage_11_844806838
508292	msmarco_passage_11_844807256
508292	msmarco_passage_12_83120258
508292	msmarco_passage_13_206333121
508292	msmarco_passage_13_206336507
508292	msmarco_passage_14_475507120
508292	msmarco_passage_16_868992583
508292	msmarco_passage_20_116419018
508292	msmarco_passage_20_197882800
508292	msmarco_passage_21_677050437
508292	msmarco_passage_22_668222685
508292	msmarco_passage_24_404336981
508292	msmarco_passage_27_614251633
508292	msmarco_passage_28_259453488
508292	msmarco_passage_28_259457613
508292	msmarco_passage_28_263957402
508292	msmarco_passage_28_263961527
508292	msmarco_passage_28_263965644
508292	msmarco_passage_28_263969769
508292	msmarco_passage_28_267930253
508292	msmarco_passage_28_267934378
508292	msmarco_passage_29_523605951
508292	msmarco_passage_29_523610392
508292	msmarco_passage_29_529412543
508292	msmarco_passage_29_529416984
508292	msmarco_passage_29_530611250
508292	msmarco_passage_29_530615691
508292	msmarco_passage_31_421059660
508292	msmarco_passage_33_176757266
508292	msmarco_passage_34_512549219
508292	msmarco_passage_34_512777589
508292	msmarco_passage_34_512785511
508292	msmarco_passage_36_415206035
508292	msmarco_passage_36_749150157
508292	msmarco_passage_37_44837674
508292	msmarco_passage_38_118463181
508292	msmarco_passage_38_118466941
508292	msmarco_passage_40_598147813
508292	msmarco_passage_44_164453663
508292	msmarco_passage_44_194047345
508292	msmarco_passage_44_329061057
508292	msmarco_passage_44_329061440
508292	msmarco_passage_44_329065264
508292	msmarco_passage_44_329066119
508292	msmarco_passage_45_403832574
508292	msmarco_passage_46_636852269
508292	msmarco_passage_46_640487279
508292	msmarco_passage_48_532598222
508292	msmarco_passage_48_532598650
508292	msmarco_passage_48_737077539
508292	msmarco_passage_51_808126959
508292	msmarco_passage_53_253965658
508292	msmarco_passage_53_342757001
508292	msmarco_passage_53_547758211
508292	msmarco_passage_53_760188870
508292	msmarco_passage_54_368543446
508292	msmarco_passage_54_368594163
508292	msmarco_passage_54_368595602
508292	msmarco_passage_54_368645915
508292	msmarco_passage_54_368657756
508292	msmarco_passage_54_62272566
508292	msmarco_passage_54_62680179
508292	msmarco_passage_54_62695555
508292	msmarco_passage_54_63070748
508292	msmarco_passage_54_63157927
508292	msmarco_passage_61_356638212
508292	msmarco_passage_61_356643315
508292	msmarco_passage_61_356824785
508292	msmarco_passage_65_831784736
508292	msmarco_passage_65_831785793
508292	msmarco_passage_65_831786215
508292	msmarco_passage_65_856341608
508292	msmarco_passage_65_864232349
508292	msmarco_passage_65_864233174
508292	msmarco_passage_65_864234519
508292	msmarco_passage_65_864234952
508292	msmarco_passage_65_864236158
508292	msmarco_passage_66_111420373
508292	msmarco_passage_66_117896514
508292	msmarco_passage_66_117897339
508292	msmarco_passage_66_117898684
508292	msmarco_passage_66_117899117
508292	msmarco_passage_66_117900323
508292	msmarco_passage_66_734005460
508292	msmarco_passage_66_88235876
508292	msmarco_passage_66_88236931
508292	msmarco_passage_66_88237352
540006	msmarco_passage_04_129428663
540006	msmarco_passage_13_345754350
540006	msmarco_passage_24_649418758
540006	msmarco_passage_25_833258014
540006	msmarco_passage_51_425263822
540006	msmarco_passage_51_425269073
540006	msmarco_passage_55_153268398
540006	msmarco_passage_58_39423436
540006	msmarco_passage_64_373471586
596569	msmarco_passage_00_489156368
596569	msmarco_passage_00_573297086
596569	msmarco_passage_01_12023690
596569	msmarco_passage_02_5629783
596569	msmarco_passage_03_184625191
596569	msmarco_passage_03_190381233
596569	msmarco_passage_03_193439249
596569	msmarco_passage_03_195049304
596569	msmarco_passage_05_519545246
596569	msmarco_passage_06_80405582
596569	msmarco_passage_09_769269682
596569	msmarco_passage_10_533142819
596569	msmarco_passage_10_533592924
596569	msmarco_passage_10_540333233
596569	msmarco_passage_12_270377344
596569	msmarco_passage_12_270380660
596569	msmarco_passage_13_470925777
596569	msmarco_passage_13_472919551
596569	msmarco_passage_13_472919920
596569	msmarco_passage_15_95547105
596569	msmarco_passage_17_208048270
596569	msmarco_passage_17_208143808
596569	msmarco_passage_26_19490418
596569	msmarco_passage_26_498236317
596569	msmarco_passage_26_507849475
596569	msmarco_passage_26_512118858
596569	msmarco_passage_30_372771726
596569	msmarco_passage_33_134090616
596569	msmarco_passage_33_134409392
596569	msmarco_passage_35_576790079
596569	msmarco_passage_35_625542660
596569	msmarco_passage_35_629176305
596569	msmarco_passage_36_468240384
596569	msmarco_passage_36_469818531
596569	msmarco_passage_41_365619927
596569	msmarco_passage_42_431086649
596569	msmarco_passage_43_204310594
596569	msmarco_passage_54_654262937
596569	msmarco_passage_57_570209973
596569	msmarco_passage_58_484967234
596569	msmarco_passage_62_666531087
596569	msmarco_passage_62_666536643
596569	msmarco_passage_62_705256891
596569	msmarco_passage_62_805877132
596569	msmarco_passage_62_805930505
596569	msmarco_passage_62_810494397
596569	msmarco_passage_63_820604760
596569	msmarco_passage_65_621165020
596569	msmarco_passage_65_648881773
615176	msmarco_passage_00_638953981
615176	msmarco_passage_00_649210207
615176	msmarco_passage_01_145052403
615176	msmarco_passage_01_145061100
615176	msmarco_passage_01_799503172
615176	msmarco_passage_01_80536925
615176	msmarco_passage_01_80538825
615176	msmarco_passage_01_80540543
615176	msmarco_passage_02_154265719
615176	msmarco_passage_02_154384946
615176	msmarco_passage_02_29096133
615176	msmarco_passage_02_335569984
615176	msmarco_passage_02_347822977
615176	msmarco_passage_02_756949179
615176	msmarco_passage_03_161652059
615176	msmarco_passage_03_161652872
615176	msmarco_passage_03_169017294
615176	msmarco_passage_03_694925392
615176	msmarco_passage_03_697538230
615176	msmarco_passage_03_697542826
615176	msmarco_passage_04_103157943
615176	msmarco_passage_04_103165831
615176	msmarco_passage_04_103171219
615176	msmarco_passage_04_133879868
615176	msmarco_passage_04_159991600
615176	msmarco_passage_04_185839408
615176	msmarco_passage_04_18842789
615176	msmarco_passage_04_198745645
615176	msmarco_passage_04_198747730
615176	msmarco_passage_04_198749390
615176	msmarco_passage_04_715496830
615176	msmarco_passage_04_715560210
615176	msmarco_passage_04_76397358
615176	msmarco_passage_04_76398899
615176	msmarco_passage_04_76399345
615176	msmarco_passage_05_312915099
615176	msmarco_passage_05_312937402
615176	msmarco_passage_05_493000127
615176	msmarco_passage_06_395104848
615176	msmarco_passage_07_455882270
615176	msmarco_passage_07_456207839
615176	msmarco_passage_07_456231657
615176	msmarco_passage_07_541991691
615176	msmarco_passage_07_573835068
615176	msmarco_passage_07_71630121
615176	msmarco_passage_08_546441293
615176	msmarco_passage_08_866244711
615176	msmarco_passage_10_420073517
615176	msmarco_passage_10_491078070
615176	msmarco_passage_11_471025132
615176	msmarco_passage_11_674292599
615176	msmarco_passage_12_536188373
615176	msmarco_passage_12_537404899
615176	msmarco_passage_12_775648904
615176	msmarco_passage_12_775659057
615176	msmarco_passage_12_775670690
615176	msmarco_passage_12_775675122
615176	msmarco_passage_13_666917792
615176	msmarco_passage_15_508763574
615176	msmarco_passage_15_565362475
615176	msmarco_passage_17_576462193
615176	msmarco_passage_17_576467107
615176	msmarco_passage_17_576505230
615176	msmarco_passage_17_576518308
615176	msmarco_passage_17_785216461
615176	msmarco_passage_17_865013395
615176	msmarco_passage_17_865190198
615176	msmarco_passage_17_865191924
615176	msmarco_passage_18_621660246
615176	msmarco_passage_18_810378823
615176	msmarco_passage_18_810387511
615176	msmarco_passage_18_810720679
615176	msmarco_passage_18_812432568
615176	msmarco_passage_19_125781128
615176	msmarco_passage_19_489995432
615176	msmarco_passage_19_521155410
615176	msmarco_passage_20_54573064
615176	msmarco_passage_21_422096523
615176	msmarco_passage_21_422543807
615176	msmarco_passage_21_428259296
615176	msmarco_passage_21_428505542
615176	msmarco_passage_21_428515763
615176	msmarco_passage_21_428983355
615176	msmarco_passage_21_429091368
615176	msmarco_passage_21_482309866
615176	msmarco_passage_22_468841026
615176	msmarco_passage_22_468841515
615176	msmarco_passage_23_702900359
615176	msmarco_passage_25_450469612
615176	msmarco_passage_26_587435941
615176	msmarco_passage_26_587646851
615176	msmarco_passage_26_587657408
615176	msmarco_passage_26_93306610
615176	msmarco_passage_28_662173723
615176	msmarco_passage_29_157424829
615176	msmarco_passage_29_171782306
615176	msmarco_passage_32_7256900
615176	msmarco_passage_33_121409216
615176	msmarco_passage_33_121410029
615176	msmarco_passage_33_824725096
615176	msmarco_passage_36_474733271
615176	msmarco_passage_36_638763183
615176	msmarco_passage_38_55390354
615176	msmarco_passage_40_155333394
615176	msmarco_passage_40_488306274
615176	msmarco_passage_40_488436855
615176	msmarco_passage_42_541781961
615176	msmarco_passage_42_9966332
615176	msmarco_passage_46_420489032
615176	msmarco_passage_46_420591115
615176	msmarco_passage_46_465469505
615176	msmarco_passage_49_602845827
615176	msmarco_passage_49_602846415
615176	msmarco_passage_51_533241223
615176	msmarco_passage_52_102060395
615176	msmarco_passage_52_151265875
615176	msmarco_passage_52_364047355
615176	msmarco_passage_63_96735545
615176	msmarco_passage_64_123211835
615176	msmarco_passage_64_123213219
615176	msmarco_passage_64_123213793
615176	msmarco_passage_64_123214269
615176	msmarco_passage_64_17050370
615176	msmarco_passage_65_166191704
615176	msmarco_passage_65_61531277
615176	msmarco_passage_66_454526022
615176	msmarco_passage_67_913423842
615176	msmarco_passage_67_913424269
615176	msmarco_passage_67_913425115
615176	msmarco_passage_67_913427391
629937	msmarco_passage_07_15157280
629937	msmarco_passage_07_468943998
629937	msmarco_passage_08_58851329
629937	msmarco_passage_09_484020174
629937	msmarco_passage_09_791178425
629937	msmarco_passage_35_97807275
629937	msmarco_passage_35_97813720
629937	msmarco_passage_39_119423024
629937	msmarco_passage_60_676300172
629937	msmarco_passage_60_676301869
629937	msmarco_passage_62_95661211
632075	msmarco_passage_00_618018895
632075	msmarco_passage_00_845181096
632075	msmarco_passage_01_124651180
632075	msmarco_passage_01_124655648
632075	msmarco_passage_02_569927232
632075	msmarco_passage_02_570899432
632075	msmarco_passage_05_489015033
632075	msmarco_passage_05_489017108
632075	msmarco_passage_05_489017578
632075	msmarco_passage_10_741528654
632075	msmarco_passage_11_178007820
632075	msmarco_passage_11_178008260
632075	msmarco_passage_11_41555795
632075	msmarco_passage_11_42714606
632075	msmarco_passage_14_534424494
632075	msmarco_passage_20_317863951
632075	msmarco_passage_20_317866000
632075	msmarco_passage_43_175552042
632075	msmarco_passage_43_175552987
632075	msmarco_passage_43_243003046
632075	msmarco_passage_47_603770638
632075	msmarco_passage_50_522573186
632075	msmarco_passage_50_522579224
632075	msmarco_passage_51_800352349
632075	msmarco_passage_63_550752755
646091	msmarco_passage_01_117683522
646091	msmarco_passage_05_548448771
646091	msmarco_passage_05_548450120
646091	msmarco_passage_05_548452099
646091	msmarco_passage_10_629766498
646091	msmarco_passage_10_630639482
646091	msmarco_passage_20_474279199
646091	msmarco_passage_21_684835454
646091	msmarco_passage_27_614992448
646091	msmarco_passage_55_423362346
646091	msmarco_passage_59_580811532
646091	msmarco_passage_66_733417331
661905	msmarco_passage_04_522262527
661905	msmarco_passage_07_459640004
661905	msmarco_passage_07_459640819
661905	msmarco_passage_07_691671039
661905	msmarco_passage_07_691673119
681645	msmarco_passage_07_784479248
681645	msmarco_passage_14_243085159
681645	msmarco_passage_26_451487483
681645	msmarco_passage_26_617923666
681645	msmarco_passage_27_830044725
681645	msmarco_passage_29_655338857
681645	msmarco_passage_33_127479767
681645	msmarco_passage_38_542548004
681645	msmarco_passage_49_123208798
681645	msmarco_passage_50_255012135
681645	msmarco_passage_52_157010218
681645	msmarco_passage_53_848640098
681645	msmarco_passage_58_723562223
681645	msmarco_passage_60_597781856
681645	msmarco_passage_61_833423084
688007	msmarco_passage_03_266477686
688007	msmarco_passage_03_266479480
688007	msmarco_passage_03_267542735
688007	msmarco_passage_03_267543739
688007	msmarco_passage_33_763341442
688007	msmarco_passage_33_763605332
688007	msmarco_passage_33_766602216
688007	msmarco_passage_33_766603220
707882	msmarco_passage_08_846995517
707882	msmarco_passage_08_846996505
707882	msmarco_passage_08_846998411
707882	msmarco_passage_08_846999528
707882	msmarco_passage_08_847000129
707882	msmarco_passage_08_847000658
707882	msmarco_passage_08_847001055
707882	msmarco_passage_30_366121141
707882	msmarco_passage_30_366123879
707882	msmarco_passage_30_366124204
707882	msmarco_passage_30_366124695
707882	msmarco_passage_30_366125078
707882	msmarco_passage_30_366125585
707882	msmarco_passage_30_366126013
707882	msmarco_passage_30_366126828
707882	msmarco_passage_30_366127210
707882	msmarco_passage_33_791846362
707882	msmarco_passage_33_791847962
707882	msmarco_passage_43_239027506
707882	msmarco_passage_52_662875370
764738	msmarco_passage_04_675619373
764738	msmarco_passage_04_722722682
764738	msmarco_passage_14_421127144
764738	msmarco_passage_14_421130213
764738	msmarco_passage_17_501555126
764738	msmarco_passage_19_596453747
764738	msmarco_passage_21_668259462
764738	msmarco_passage_23_520221613
764738	msmarco_passage_40_253900849
806694	msmarco_passage_03_862597299
806694	msmarco_passage_06_80537254
806694	msmarco_passage_06_80559970
806694	msmarco_passage_35_352621632
806694	msmarco_passage_61_123799590
818583	msmarco_passage_03_488686530
818583	msmarco_passage_03_488686945
818583	msmarco_passage_04_759219504
818583	msmarco_passage_04_759223242
818583	msmarco_passage_05_259696243
818583	msmarco_passage_10_348048910
818583	msmarco_passage_14_602257483
818583	msmarco_passage_14_602257899
818583	msmarco_passage_14_602333503
818583	msmarco_passage_14_602333976
818583	msmarco_passage_38_492156110
818583	msmarco_passage_38_494075120
818583	msmarco_passage_38_494079979
818583	msmarco_passage_38_498013421
818583	msmarco_passage_40_674987408
818583	msmarco_passage_55_256616850
832573	msmarco_passage_00_273235767
832573	msmarco_passage_04_652472890
832573	msmarco_passage_04_652474540
832573	msmarco_passage_06_762877157
832573	msmarco_passage_24_205383441
832573	msmarco_passage_24_205385166
832573	msmarco_passage_24_205387559
835760	msmarco_passage_02_230564860
835760	msmarco_passage_02_230565338
835760	msmarco_passage_04_156883639
835760	msmarco_passage_05_517223372
835760	msmarco_passage_08_318648522
835760	msmarco_passage_24_223806817
835760	msmarco_passage_27_516166956
835760	msmarco_passage_27_516167433
835760	msmarco_passage_48_641225972
845121	msmarco_passage_01_649801203
845121	msmarco_passage_04_788124909
845121	msmarco_passage_10_489485093
845121	msmarco_passage_10_521130068
845121	msmarco_passage_20_679166403
845121	msmarco_passage_31_474014499
845121	msmarco_passage_32_625989322
845121	msmarco_passage_34_59598021
845121	msmarco_passage_41_23731561
845121	msmarco_passage_52_246108062
845121	msmarco_passage_65_715451412
935353	msmarco_passage_00_564032982
935353	msmarco_passage_01_151330516
935353	msmarco_passage_01_99279153
935353	msmarco_passage_18_835152501
935353	msmarco_passage_18_835474705
935353	msmarco_passage_18_836618865
935964	msmarco_passage_00_169186683
935964	msmarco_passage_02_85129069
935964	msmarco_passage_03_424881978
935964	msmarco_passage_08_318054068
935964	msmarco_passage_14_477508456
935964	msmarco_passage_27_14074335
935964	msmarco_passage_31_370485379
935964	msmarco_passage_31_370485825
935964	msmarco_passage_31_370490406
935964	msmarco_passage_34_813989829
935964	msmarco_passage_35_31385135
935964	msmarco_passage_35_61731466
935964	msmarco_passage_35_61734202
935964	msmarco_passage_37_192022593
935964	msmarco_passage_38_73851921
935964	msmarco_passage_42_448588587
935964	msmarco_passage_54_800252753
935964	msmarco_passage_64_812650549
935964	msmarco_passage_64_825880780
935964	msmarco_passage_67_44904878
952262	msmarco_passage_00_137352249
952262	msmarco_passage_00_137357668
952262	msmarco_passage_00_183419164
952262	msmarco_passage_00_239612976
952262	msmarco_passage_02_181110358
952262	msmarco_passage_02_181112366
952262	msmarco_passage_02_390596085
952262	msmarco_passage_02_641464678
952262	msmarco_passage_02_641467190
952262	msmarco_passage_03_8215607
952262	msmarco_passage_04_374939340
952262	msmarco_passage_04_375241745
952262	msmarco_passage_04_375310446
952262	msmarco_passage_05_387234180
952262	msmarco_passage_06_197758296
952262	msmarco_passage_08_121212749
952262	msmarco_passage_08_426455483
952262	msmarco_passage_08_61246098
952262	msmarco_passage_08_711622466
952262	msmarco_passage_08_714771715
952262	msmarco_passage_09_36067691
952262	msmarco_passage_11_823084759
952262	msmarco_passage_11_823089134
952262	msmarco_passage_11_8858858
952262	msmarco_passage_14_777008092
952262	msmarco_passage_24_246140967
952262	msmarco_passage_27_150071581
952262	msmarco_passage_27_464765209
952262	msmarco_passage_27_612555233
952262	msmarco_passage_29_147415208
952262	msmarco_passage_34_772695569
952262	msmarco_passage_35_472983324
952262	msmarco_passage_36_112302911
952262	msmarco_passage_36_158567631
952262	msmarco_passage_36_325858411
952262	msmarco_passage_38_518614745
952262	msmarco_passage_38_607573076
952262	msmarco_passage_38_632156574
952262	msmarco_passage_38_633543190
952262	msmarco_passage_38_634253392
952262	msmarco_passage_38_635601500
952262	msmarco_passage_38_635601888
952262	msmarco_passage_39_99197132
952262	msmarco_passage_40_465570404
952262	msmarco_passage_40_515445277
952262	msmarco_passage_42_857904295
952262	msmarco_passage_44_540245844
952262	msmarco_passage_45_471492115
952262	msmarco_passage_48_749209638
952262	msmarco_passage_48_753200302
952262	msmarco_passage_48_774362860
952262	msmarco_passage_48_838301481
952262	msmarco_passage_49_70173791
952262	msmarco_passage_53_472331209
952262	msmarco_passage_53_472338347
952262	msmarco_passage_53_636626110
952262	msmarco_passage_54_180896345
952262	msmarco_passage_54_265700064
952262	msmarco_passage_54_271693404
952262	msmarco_passage_54_277091143
952262	msmarco_passage_54_277093288
952262	msmarco_passage_55_275473874
952262	msmarco_passage_55_297869503
952262	msmarco_passage_55_297870367
952262	msmarco_passage_56_503130308
952262	msmarco_passage_57_447613267
952262	msmarco_passage_57_447973988
952262	msmarco_passage_60_322275192
952262	msmarco_passage_65_808064779
952262	msmarco_passage_65_816108390
952262	msmarco_passage_65_822003588
952262	msmarco_passage_65_849043823
952262	msmarco_passage_66_4006513
952284	msmarco_passage_11_288630511
952284	msmarco_passage_15_650402943
952284	msmarco_passage_22_520043293
952284	msmarco_passage_22_850848447
952284	msmarco_passage_22_850852408
952284	msmarco_passage_22_850852975
952284	msmarco_passage_22_850855121
952284	msmarco_passage_22_850856014
952284	msmarco_passage_22_850857260
952284	msmarco_passage_22_851693279
952284	msmarco_passage_38_846139030
952284	msmarco_passage_38_846335755
952284	msmarco_passage_43_715301109
952284	msmarco_passage_62_65975544
975079	msmarco_passage_00_37958444
975079	msmarco_passage_04_428426158
975079	msmarco_passage_08_619801653
975079	msmarco_passage_12_520523460
975079	msmarco_passage_20_22882197
975079	msmarco_passage_21_533505371
975079	msmarco_passage_29_76690161
975079	msmarco_passage_34_122507568
975079	msmarco_passage_40_157215370
975079	msmarco_passage_54_617841535
975079	msmarco_passage_63_71739158
